Release 14.7 - xst P.20131013 (nt64)
Copyright (c) 1995-2013 Xilinx, Inc.  All rights reserved.
--> Parameter TMPDIR set to xst/projnav.tmp


Total REAL time to Xst completion: 1.00 secs
Total CPU time to Xst completion: 0.10 secs
 
--> Parameter xsthdpdir set to xst


Total REAL time to Xst completion: 1.00 secs
Total CPU time to Xst completion: 0.10 secs
 
--> Reading design: alu.prj

TABLE OF CONTENTS
  1) Synthesis Options Summary
  2) HDL Parsing
  3) HDL Elaboration
  4) HDL Synthesis
       4.1) HDL Synthesis Report
  5) Advanced HDL Synthesis
       5.1) Advanced HDL Synthesis Report
  6) Low Level Synthesis
  7) Partition Report
  8) Design Summary
       8.1) Primitive and Black Box Usage
       8.2) Device utilization summary
       8.3) Partition Resource Summary
       8.4) Timing Report
            8.4.1) Clock Information
            8.4.2) Asynchronous Control Signals Information
            8.4.3) Timing Summary
            8.4.4) Timing Details
            8.4.5) Cross Clock Domains Report


=========================================================================
*                      Synthesis Options Summary                        *
=========================================================================
---- Source Parameters
Input File Name                    : "alu.prj"
Ignore Synthesis Constraint File   : NO

---- Target Parameters
Output File Name                   : "alu"
Output Format                      : NGC
Target Device                      : xc7a100t-3-csg324

---- Source Options
Top Module Name                    : alu
Automatic FSM Extraction           : YES
FSM Encoding Algorithm             : Auto
Safe Implementation                : No
FSM Style                          : LUT
RAM Extraction                     : Yes
RAM Style                          : Auto
ROM Extraction                     : Yes
Shift Register Extraction          : YES
ROM Style                          : Auto
Resource Sharing                   : YES
Asynchronous To Synchronous        : NO
Shift Register Minimum Size        : 2
Use DSP Block                      : Auto
Automatic Register Balancing       : No

---- Target Options
LUT Combining                      : Auto
Reduce Control Sets                : Auto
Add IO Buffers                     : YES
Global Maximum Fanout              : 100000
Add Generic Clock Buffer(BUFG)     : 32
Register Duplication               : YES
Optimize Instantiated Primitives   : NO
Use Clock Enable                   : Auto
Use Synchronous Set                : Auto
Use Synchronous Reset              : Auto
Pack IO Registers into IOBs        : Auto
Equivalent register Removal        : YES

---- General Options
Optimization Goal                  : Speed
Optimization Effort                : 1
Power Reduction                    : NO
Keep Hierarchy                     : No
Netlist Hierarchy                  : As_Optimized
RTL Output                         : Yes
Global Optimization                : AllClockNets
Read Cores                         : YES
Write Timing Constraints           : NO
Cross Clock Analysis               : NO
Hierarchy Separator                : /
Bus Delimiter                      : <>
Case Specifier                     : Maintain
Slice Utilization Ratio            : 100
BRAM Utilization Ratio             : 100
DSP48 Utilization Ratio            : 100
Auto BRAM Packing                  : NO
Slice Utilization Ratio Delta      : 5

=========================================================================


=========================================================================
*                          HDL Parsing                                  *
=========================================================================
Analyzing Verilog file "D:\prj\dsd\dsde8\mult.v" into library work
Parsing module <mult>.
Analyzing Verilog file "D:\prj\dsd\dsde8\add-sub.v" into library work
Parsing module <add_sub>.
Analyzing Verilog file "D:\prj\dsd\dsde8\alu.v" into library work
Parsing module <alu>.

=========================================================================
*                            HDL Elaboration                            *
=========================================================================

Elaborating module <alu>.

Elaborating module <add_sub>.
WARNING:HDLCompiler:413 - "D:\prj\dsd\dsde8\add-sub.v" Line 11: Result of 32-bit expression is truncated to fit in 17-bit target.
WARNING:HDLCompiler:413 - "D:\prj\dsd\dsde8\add-sub.v" Line 12: Result of 32-bit expression is truncated to fit in 17-bit target.
WARNING:HDLCompiler:413 - "D:\prj\dsd\dsde8\add-sub.v" Line 13: Result of 34-bit expression is truncated to fit in 32-bit target.
WARNING:HDLCompiler:189 - "D:\prj\dsd\dsde8\alu.v" Line 11: Size mismatch in connection of port <addsub>. Formal port size is 1-bit while actual signal size is 32-bit.
WARNING:HDLCompiler:189 - "D:\prj\dsd\dsde8\alu.v" Line 12: Size mismatch in connection of port <addsub>. Formal port size is 1-bit while actual signal size is 32-bit.

Elaborating module <mult>.
WARNING:HDLCompiler:413 - "D:\prj\dsd\dsde8\mult.v" Line 12: Result of 32-bit expression is truncated to fit in 17-bit target.
WARNING:HDLCompiler:413 - "D:\prj\dsd\dsde8\mult.v" Line 13: Result of 32-bit expression is truncated to fit in 17-bit target.
WARNING:HDLCompiler:413 - "D:\prj\dsd\dsde8\mult.v" Line 14: Result of 34-bit expression is truncated to fit in 32-bit target.

=========================================================================
*                           HDL Synthesis                               *
=========================================================================

Synthesizing Unit <alu>.
    Related source file is "D:\prj\dsd\dsde8\alu.v".
    Found 1-bit tristate buffer for signal <result<31>> created at line 15
    Found 1-bit tristate buffer for signal <result<30>> created at line 15
    Found 1-bit tristate buffer for signal <result<29>> created at line 15
    Found 1-bit tristate buffer for signal <result<28>> created at line 15
    Found 1-bit tristate buffer for signal <result<27>> created at line 15
    Found 1-bit tristate buffer for signal <result<26>> created at line 15
    Found 1-bit tristate buffer for signal <result<25>> created at line 15
    Found 1-bit tristate buffer for signal <result<24>> created at line 15
    Found 1-bit tristate buffer for signal <result<23>> created at line 15
    Found 1-bit tristate buffer for signal <result<22>> created at line 15
    Found 1-bit tristate buffer for signal <result<21>> created at line 15
    Found 1-bit tristate buffer for signal <result<20>> created at line 15
    Found 1-bit tristate buffer for signal <result<19>> created at line 15
    Found 1-bit tristate buffer for signal <result<18>> created at line 15
    Found 1-bit tristate buffer for signal <result<17>> created at line 15
    Found 1-bit tristate buffer for signal <result<16>> created at line 15
    Found 1-bit tristate buffer for signal <result<15>> created at line 15
    Found 1-bit tristate buffer for signal <result<14>> created at line 15
    Found 1-bit tristate buffer for signal <result<13>> created at line 15
    Found 1-bit tristate buffer for signal <result<12>> created at line 15
    Found 1-bit tristate buffer for signal <result<11>> created at line 15
    Found 1-bit tristate buffer for signal <result<10>> created at line 15
    Found 1-bit tristate buffer for signal <result<9>> created at line 15
    Found 1-bit tristate buffer for signal <result<8>> created at line 15
    Found 1-bit tristate buffer for signal <result<7>> created at line 15
    Found 1-bit tristate buffer for signal <result<6>> created at line 15
    Found 1-bit tristate buffer for signal <result<5>> created at line 15
    Found 1-bit tristate buffer for signal <result<4>> created at line 15
    Found 1-bit tristate buffer for signal <result<3>> created at line 15
    Found 1-bit tristate buffer for signal <result<2>> created at line 15
    Found 1-bit tristate buffer for signal <result<1>> created at line 15
    Found 1-bit tristate buffer for signal <result<0>> created at line 15
    Found 1-bit tristate buffer for signal <result<31>> created at line 16
    Found 1-bit tristate buffer for signal <result<30>> created at line 16
    Found 1-bit tristate buffer for signal <result<29>> created at line 16
    Found 1-bit tristate buffer for signal <result<28>> created at line 16
    Found 1-bit tristate buffer for signal <result<27>> created at line 16
    Found 1-bit tristate buffer for signal <result<26>> created at line 16
    Found 1-bit tristate buffer for signal <result<25>> created at line 16
    Found 1-bit tristate buffer for signal <result<24>> created at line 16
    Found 1-bit tristate buffer for signal <result<23>> created at line 16
    Found 1-bit tristate buffer for signal <result<22>> created at line 16
    Found 1-bit tristate buffer for signal <result<21>> created at line 16
    Found 1-bit tristate buffer for signal <result<20>> created at line 16
    Found 1-bit tristate buffer for signal <result<19>> created at line 16
    Found 1-bit tristate buffer for signal <result<18>> created at line 16
    Found 1-bit tristate buffer for signal <result<17>> created at line 16
    Found 1-bit tristate buffer for signal <result<16>> created at line 16
    Found 1-bit tristate buffer for signal <result<15>> created at line 16
    Found 1-bit tristate buffer for signal <result<14>> created at line 16
    Found 1-bit tristate buffer for signal <result<13>> created at line 16
    Found 1-bit tristate buffer for signal <result<12>> created at line 16
    Found 1-bit tristate buffer for signal <result<11>> created at line 16
    Found 1-bit tristate buffer for signal <result<10>> created at line 16
    Found 1-bit tristate buffer for signal <result<9>> created at line 16
    Found 1-bit tristate buffer for signal <result<8>> created at line 16
    Found 1-bit tristate buffer for signal <result<7>> created at line 16
    Found 1-bit tristate buffer for signal <result<6>> created at line 16
    Found 1-bit tristate buffer for signal <result<5>> created at line 16
    Found 1-bit tristate buffer for signal <result<4>> created at line 16
    Found 1-bit tristate buffer for signal <result<3>> created at line 16
    Found 1-bit tristate buffer for signal <result<2>> created at line 16
    Found 1-bit tristate buffer for signal <result<1>> created at line 16
    Found 1-bit tristate buffer for signal <result<0>> created at line 16
    Found 1-bit tristate buffer for signal <result<31>> created at line 17
    Found 1-bit tristate buffer for signal <result<30>> created at line 17
    Found 1-bit tristate buffer for signal <result<29>> created at line 17
    Found 1-bit tristate buffer for signal <result<28>> created at line 17
    Found 1-bit tristate buffer for signal <result<27>> created at line 17
    Found 1-bit tristate buffer for signal <result<26>> created at line 17
    Found 1-bit tristate buffer for signal <result<25>> created at line 17
    Found 1-bit tristate buffer for signal <result<24>> created at line 17
    Found 1-bit tristate buffer for signal <result<23>> created at line 17
    Found 1-bit tristate buffer for signal <result<22>> created at line 17
    Found 1-bit tristate buffer for signal <result<21>> created at line 17
    Found 1-bit tristate buffer for signal <result<20>> created at line 17
    Found 1-bit tristate buffer for signal <result<19>> created at line 17
    Found 1-bit tristate buffer for signal <result<18>> created at line 17
    Found 1-bit tristate buffer for signal <result<17>> created at line 17
    Found 1-bit tristate buffer for signal <result<16>> created at line 17
    Found 1-bit tristate buffer for signal <result<15>> created at line 17
    Found 1-bit tristate buffer for signal <result<14>> created at line 17
    Found 1-bit tristate buffer for signal <result<13>> created at line 17
    Found 1-bit tristate buffer for signal <result<12>> created at line 17
    Found 1-bit tristate buffer for signal <result<11>> created at line 17
    Found 1-bit tristate buffer for signal <result<10>> created at line 17
    Found 1-bit tristate buffer for signal <result<9>> created at line 17
    Found 1-bit tristate buffer for signal <result<8>> created at line 17
    Found 1-bit tristate buffer for signal <result<7>> created at line 17
    Found 1-bit tristate buffer for signal <result<6>> created at line 17
    Found 1-bit tristate buffer for signal <result<5>> created at line 17
    Found 1-bit tristate buffer for signal <result<4>> created at line 17
    Found 1-bit tristate buffer for signal <result<3>> created at line 17
    Found 1-bit tristate buffer for signal <result<2>> created at line 17
    Found 1-bit tristate buffer for signal <result<1>> created at line 17
    Found 1-bit tristate buffer for signal <result<0>> created at line 17
    Summary:
	inferred  96 Tristate(s).
Unit <alu> synthesized.

Synthesizing Unit <add_sub>.
    Related source file is "D:\prj\dsd\dsde8\add-sub.v".
    Found 32-bit subtractor for signal <a[31]_b[31]_sub_3_OUT> created at line 11.
    Found 32-bit subtractor for signal <aa[31]_bb[31]_sub_7_OUT> created at line 12.
    Found 32-bit adder for signal <a[31]_b[31]_add_1_OUT> created at line 11.
    Found 32-bit adder for signal <aa[31]_bb[31]_add_5_OUT> created at line 12.
    Summary:
	inferred   2 Adder/Subtractor(s).
Unit <add_sub> synthesized.

Synthesizing Unit <mult>.
    Related source file is "D:\prj\dsd\dsde8\mult.v".
    Found 32x32-bit multiplier for signal <n0008> created at line 12.
    Found 32x32-bit multiplier for signal <n0009> created at line 13.
    Summary:
	inferred   2 Multiplier(s).
Unit <mult> synthesized.

=========================================================================
HDL Synthesis Report

Macro Statistics
# Multipliers                                          : 2
 32x32-bit multiplier                                  : 2
# Adders/Subtractors                                   : 4
 32-bit addsub                                         : 4
# Tristates                                            : 96
 1-bit tristate buffer                                 : 96

=========================================================================

=========================================================================
*                       Advanced HDL Synthesis                          *
=========================================================================


=========================================================================
Advanced HDL Synthesis Report

Macro Statistics
# Multipliers                                          : 2
 32x32-bit multiplier                                  : 2
# Adders/Subtractors                                   : 4
 32-bit addsub                                         : 4

=========================================================================

=========================================================================
*                         Low Level Synthesis                           *
=========================================================================
WARNING:Xst:2040 - Unit alu: 32 multi-source signals are replaced by logic (pull-up yes): result<0>_MLTSRCEDGE, result<10>_MLTSRCEDGE, result<11>_MLTSRCEDGE, result<12>_MLTSRCEDGE, result<13>_MLTSRCEDGE, result<14>_MLTSRCEDGE, result<15>_MLTSRCEDGE, result<16>_MLTSRCEDGE, result<17>_MLTSRCEDGE, result<18>_MLTSRCEDGE, result<19>_MLTSRCEDGE, result<1>_MLTSRCEDGE, result<20>_MLTSRCEDGE, result<21>_MLTSRCEDGE, result<22>_MLTSRCEDGE, result<23>_MLTSRCEDGE, result<24>_MLTSRCEDGE, result<25>_MLTSRCEDGE, result<26>_MLTSRCEDGE, result<27>_MLTSRCEDGE, result<28>_MLTSRCEDGE, result<29>_MLTSRCEDGE, result<2>_MLTSRCEDGE, result<30>_MLTSRCEDGE, result<31>_MLTSRCEDGE, result<3>_MLTSRCEDGE, result<4>_MLTSRCEDGE, result<5>_MLTSRCEDGE, result<6>_MLTSRCEDGE, result<7>_MLTSRCEDGE, result<8>_MLTSRCEDGE, result<9>_MLTSRCEDGE.

Optimizing unit <alu> ...

Mapping all equations...
Building and optimizing final netlist ...
Found area constraint ratio of 100 (+ 5) on block alu, actual ratio is 0.

Final Macro Processing ...

=========================================================================
Final Register Report

Found no macro
=========================================================================

=========================================================================
*                           Partition Report                            *
=========================================================================

Partition Implementation Status
-------------------------------

  No Partitions were found in this design.

-------------------------------

=========================================================================
*                            Design Summary                             *
=========================================================================

Top Level Output File Name         : alu.ngc

Primitive and Black Box Usage:
------------------------------
# BELS                             : 223
#      GND                         : 1
#      LUT2                        : 65
#      LUT5                        : 32
#      MUXCY                       : 60
#      VCC                         : 1
#      XORCY                       : 64
# IO Buffers                       : 100
#      IBUF                        : 68
#      OBUFT                       : 32
# DSPs                             : 2
#      DSP48E1                     : 2

Device utilization summary:
---------------------------

Selected Device : 7a100tcsg324-3 


Slice Logic Utilization: 
 Number of Slice LUTs:                   97  out of  63400     0%  
    Number used as Logic:                97  out of  63400     0%  

Slice Logic Distribution: 
 Number of LUT Flip Flop pairs used:     97
   Number with an unused Flip Flop:      97  out of     97   100%  
   Number with an unused LUT:             0  out of     97     0%  
   Number of fully used LUT-FF pairs:     0  out of     97     0%  
   Number of unique control sets:         0

IO Utilization: 
 Number of IOs:                         162
 Number of bonded IOBs:                 100  out of    210    47%  

Specific Feature Utilization:
 Number of DSP48E1s:                      2  out of    240     0%  

---------------------------
Partition Resource Summary:
---------------------------

  No Partitions were found in this design.

---------------------------


=========================================================================
Timing Report

NOTE: THESE TIMING NUMBERS ARE ONLY A SYNTHESIS ESTIMATE.
      FOR ACCURATE TIMING INFORMATION PLEASE REFER TO THE TRACE REPORT
      GENERATED AFTER PLACE-and-ROUTE.

Clock Information:
------------------
No clock signals found in this design

Asynchronous Control Signals Information:
----------------------------------------
No asynchronous control signals found in this design

Timing Summary:
---------------
Speed Grade: -3

   Minimum period: No path found
   Minimum input arrival time before clock: No path found
   Maximum output required time after clock: No path found
   Maximum combinational path delay: 4.001ns

Timing Details:
---------------
All values displayed in nanoseconds (ns)

=========================================================================
Timing constraint: Default path analysis
  Total number of paths / destination ports: 2730 / 32
-------------------------------------------------------------------------
Delay:               4.001ns (Levels of Logic = 4)
  Source:            b<14> (PAD)
  Destination:       result<31> (PAD)

  Data Path: b<14> to result<31>
                                Gate     Net
    Cell:in->out      fanout   Delay   Delay  Logical Name (Net Name)
    ----------------------------------------  ------------
     IBUF:I->O             3   0.001   0.289  b_14_IBUF (b_14_IBUF)
     DSP48E1:A14->P14      1   2.823   0.511  mu/Mmult_n0008 (mul<31>)
     LUT5:I2->O            1   0.097   0.279  result<31>_MLTSRCEDGELogicTrst1 (result<31>_MLTSRCEDGE)
     OBUFT:I->O                0.000          result_31_OBUFT (result<31>)
    ----------------------------------------
    Total                      4.001ns (2.921ns logic, 1.080ns route)
                                       (73.0% logic, 27.0% route)

=========================================================================

Cross Clock Domains Report:
--------------------------

=========================================================================


Total REAL time to Xst completion: 9.00 secs
Total CPU time to Xst completion: 8.52 secs
 
--> 

Total memory usage is 4619972 kilobytes

Number of errors   :    0 (   0 filtered)
Number of warnings :    9 (   0 filtered)
Number of infos    :    0 (   0 filtered)

