Release 14.7 - xst P.20131013 (nt64)
Copyright (c) 1995-2013 Xilinx, Inc.  All rights reserved.
--> Parameter TMPDIR set to xst/projnav.tmp


Total REAL time to Xst completion: 0.00 secs
Total CPU time to Xst completion: 0.12 secs
 
--> Parameter xsthdpdir set to xst


Total REAL time to Xst completion: 0.00 secs
Total CPU time to Xst completion: 0.13 secs
 
--> Reading design: cmpr4.prj

TABLE OF CONTENTS
  1) Synthesis Options Summary
  2) HDL Parsing
  3) HDL Elaboration
  4) HDL Synthesis
       4.1) HDL Synthesis Report
  5) Advanced HDL Synthesis
       5.1) Advanced HDL Synthesis Report
  6) Low Level Synthesis
  7) Partition Report
  8) Design Summary
       8.1) Primitive and Black Box Usage
       8.2) Device utilization summary
       8.3) Partition Resource Summary
       8.4) Timing Report
            8.4.1) Clock Information
            8.4.2) Asynchronous Control Signals Information
            8.4.3) Timing Summary
            8.4.4) Timing Details
            8.4.5) Cross Clock Domains Report


=========================================================================
*                      Synthesis Options Summary                        *
=========================================================================
---- Source Parameters
Input File Name                    : "cmpr4.prj"
Ignore Synthesis Constraint File   : NO

---- Target Parameters
Output File Name                   : "cmpr4"
Output Format                      : NGC
Target Device                      : xc7a100t-3-csg324

---- Source Options
Top Module Name                    : cmpr4
Automatic FSM Extraction           : YES
FSM Encoding Algorithm             : Auto
Safe Implementation                : No
FSM Style                          : LUT
RAM Extraction                     : Yes
RAM Style                          : Auto
ROM Extraction                     : Yes
Shift Register Extraction          : YES
ROM Style                          : Auto
Resource Sharing                   : YES
Asynchronous To Synchronous        : NO
Shift Register Minimum Size        : 2
Use DSP Block                      : Auto
Automatic Register Balancing       : No

---- Target Options
LUT Combining                      : Auto
Reduce Control Sets                : Auto
Add IO Buffers                     : YES
Global Maximum Fanout              : 100000
Add Generic Clock Buffer(BUFG)     : 32
Register Duplication               : YES
Optimize Instantiated Primitives   : NO
Use Clock Enable                   : Auto
Use Synchronous Set                : Auto
Use Synchronous Reset              : Auto
Pack IO Registers into IOBs        : Auto
Equivalent register Removal        : YES

---- General Options
Optimization Goal                  : Speed
Optimization Effort                : 1
Power Reduction                    : NO
Keep Hierarchy                     : No
Netlist Hierarchy                  : As_Optimized
RTL Output                         : Yes
Global Optimization                : AllClockNets
Read Cores                         : YES
Write Timing Constraints           : NO
Cross Clock Analysis               : NO
Hierarchy Separator                : /
Bus Delimiter                      : <>
Case Specifier                     : Maintain
Slice Utilization Ratio            : 100
BRAM Utilization Ratio             : 100
DSP48 Utilization Ratio            : 100
Auto BRAM Packing                  : NO
Slice Utilization Ratio Delta      : 5

=========================================================================


=========================================================================
*                          HDL Parsing                                  *
=========================================================================
Analyzing Verilog file "D:\prj\dsd\New folder\DSDE3\cmpr.v" into library work
Parsing module <cmpr>.
Analyzing Verilog file "D:\prj\dsd\New folder\DSDE3\cmpr4.v" into library work
Parsing module <cmpr4>.

=========================================================================
*                            HDL Elaboration                            *
=========================================================================

Elaborating module <cmpr4>.

Elaborating module <cmpr>.
WARNING:HDLCompiler:1127 - "D:\prj\dsd\New folder\DSDE3\cmpr4.v" Line 14: Assignment to alessbreg ignored, since the identifier is never used
WARNING:HDLCompiler:1127 - "D:\prj\dsd\New folder\DSDE3\cmpr4.v" Line 15: Assignment to alessbreg ignored, since the identifier is never used
WARNING:HDLCompiler:1127 - "D:\prj\dsd\New folder\DSDE3\cmpr4.v" Line 16: Assignment to alessbreg ignored, since the identifier is never used
WARNING:HDLCompiler:1127 - "D:\prj\dsd\New folder\DSDE3\cmpr4.v" Line 17: Assignment to alessbreg ignored, since the identifier is never used

=========================================================================
*                           HDL Synthesis                               *
=========================================================================

Synthesizing Unit <cmpr4>.
    Related source file is "D:\prj\dsd\New folder\DSDE3\cmpr4.v".
INFO:Xst:3210 - "D:\prj\dsd\New folder\DSDE3\cmpr4.v" line 14: Output port <alessb> of the instance <c0> is unconnected or connected to loadless signal.
INFO:Xst:3210 - "D:\prj\dsd\New folder\DSDE3\cmpr4.v" line 15: Output port <alessb> of the instance <c1> is unconnected or connected to loadless signal.
INFO:Xst:3210 - "D:\prj\dsd\New folder\DSDE3\cmpr4.v" line 16: Output port <alessb> of the instance <c2> is unconnected or connected to loadless signal.
INFO:Xst:3210 - "D:\prj\dsd\New folder\DSDE3\cmpr4.v" line 17: Output port <alessb> of the instance <c3> is unconnected or connected to loadless signal.
    Summary:
	no macro.
Unit <cmpr4> synthesized.

Synthesizing Unit <cmpr>.
    Related source file is "D:\prj\dsd\New folder\DSDE3\cmpr.v".
    Summary:
Unit <cmpr> synthesized.

=========================================================================
HDL Synthesis Report

Macro Statistics
# Xors                                                 : 4
 1-bit xor2                                            : 4

=========================================================================

=========================================================================
*                       Advanced HDL Synthesis                          *
=========================================================================


=========================================================================
Advanced HDL Synthesis Report

Macro Statistics
# Xors                                                 : 4
 1-bit xor2                                            : 4

=========================================================================

=========================================================================
*                         Low Level Synthesis                           *
=========================================================================

Optimizing unit <cmpr4> ...

Mapping all equations...
Building and optimizing final netlist ...
Found area constraint ratio of 100 (+ 5) on block cmpr4, actual ratio is 0.

Final Macro Processing ...

=========================================================================
Final Register Report

Found no macro
=========================================================================

=========================================================================
*                           Partition Report                            *
=========================================================================

Partition Implementation Status
-------------------------------

  No Partitions were found in this design.

-------------------------------

=========================================================================
*                            Design Summary                             *
=========================================================================

Top Level Output File Name         : cmpr4.ngc

Primitive and Black Box Usage:
------------------------------
# BELS                             : 7
#      LUT2                        : 3
#      LUT4                        : 1
#      LUT5                        : 1
#      LUT6                        : 2
# IO Buffers                       : 11
#      IBUF                        : 8
#      OBUF                        : 3

Device utilization summary:
---------------------------

Selected Device : 7a100tcsg324-3 


Slice Logic Utilization: 
 Number of Slice LUTs:                    7  out of  63400     0%  
    Number used as Logic:                 7  out of  63400     0%  

Slice Logic Distribution: 
 Number of LUT Flip Flop pairs used:      7
   Number with an unused Flip Flop:       7  out of      7   100%  
   Number with an unused LUT:             0  out of      7     0%  
   Number of fully used LUT-FF pairs:     0  out of      7     0%  
   Number of unique control sets:         0

IO Utilization: 
 Number of IOs:                          11
 Number of bonded IOBs:                  11  out of    210     5%  

Specific Feature Utilization:

---------------------------
Partition Resource Summary:
---------------------------

  No Partitions were found in this design.

---------------------------


=========================================================================
Timing Report

NOTE: THESE TIMING NUMBERS ARE ONLY A SYNTHESIS ESTIMATE.
      FOR ACCURATE TIMING INFORMATION PLEASE REFER TO THE TRACE REPORT
      GENERATED AFTER PLACE-and-ROUTE.

Clock Information:
------------------
No clock signals found in this design

Asynchronous Control Signals Information:
----------------------------------------
No asynchronous control signals found in this design

Timing Summary:
---------------
Speed Grade: -3

   Minimum period: No path found
   Minimum input arrival time before clock: No path found
   Maximum output required time after clock: No path found
   Maximum combinational path delay: 2.214ns

Timing Details:
---------------
All values displayed in nanoseconds (ns)

=========================================================================
Timing constraint: Default path analysis
  Total number of paths / destination ports: 32 / 3
-------------------------------------------------------------------------
Delay:               2.214ns (Levels of Logic = 5)
  Source:            b<1> (PAD)
  Destination:       alessb (PAD)

  Data Path: b<1> to alessb
                                Gate     Net
    Cell:in->out      fanout   Delay   Delay  Logical Name (Net Name)
    ----------------------------------------  ------------
     IBUF:I->O             3   0.001   0.566  b_1_IBUF (b_1_IBUF)
     LUT4:I0->O            1   0.097   0.379  agreaterb<3>_SW0 (N2)
     LUT5:I3->O            2   0.097   0.697  agreaterb<3> (agreaterb_OBUF)
     LUT6:I0->O            1   0.097   0.279  alessb (alessb_OBUF)
     OBUF:I->O                 0.000          alessb_OBUF (alessb)
    ----------------------------------------
    Total                      2.214ns (0.292ns logic, 1.922ns route)
                                       (13.2% logic, 86.8% route)

=========================================================================

Cross Clock Domains Report:
--------------------------

=========================================================================


Total REAL time to Xst completion: 11.00 secs
Total CPU time to Xst completion: 11.36 secs
 
--> 

Total memory usage is 4617520 kilobytes

Number of errors   :    0 (   0 filtered)
Number of warnings :    4 (   0 filtered)
Number of infos    :    4 (   0 filtered)

