--------------------------------------------------------------------------------
Release 14.7 Trace  (nt64)
Copyright (c) 1995-2013 Xilinx, Inc.  All rights reserved.

C:\Xilinx\14.7\ISE_DS\ISE\bin\nt64\unwrapped\trce.exe -intstyle ise -v 3 -s 3
-n 3 -fastpaths -xml div.twx div.ncd -o div.twr div.pcf

Design file:              div.ncd
Physical constraint file: div.pcf
Device,package,speed:     xc7a100t,csg324,C,-3 (PRODUCTION 1.10 2013-10-13)
Report level:             verbose report

Environment Variable      Effect 
--------------------      ------ 
NONE                      No environment variables were set
--------------------------------------------------------------------------------

INFO:Timing:2698 - No timing constraints found, doing default enumeration.
INFO:Timing:3412 - To improve timing, see the Timing Closure User Guide (UG612).
INFO:Timing:2752 - To get complete path coverage, use the unconstrained paths 
   option. All paths that are not constrained will be reported in the 
   unconstrained paths section(s) of the report.
INFO:Timing:3339 - The clock-to-out numbers in this timing report are based on 
   a 50 Ohm transmission line loading model.  For the details of this model, 
   and for more information on accounting for different loading conditions, 
   please see the device datasheet.



Data Sheet report:
-----------------
All values displayed in nanoseconds (ns)

Pad to Pad
---------------+---------------+---------+
Source Pad     |Destination Pad|  Delay  |
---------------+---------------+---------+
a<0>           |result         |   10.593|
a<1>           |result         |   11.000|
a<2>           |result         |   10.206|
a<3>           |result         |    9.079|
b<0>           |result         |   11.701|
b<1>           |result         |   11.330|
b<2>           |result         |   10.073|
b<3>           |result         |   10.078|
c<0>           |result         |   10.900|
c<1>           |result         |   10.959|
c<2>           |result         |   10.231|
c<3>           |result         |    9.542|
d<0>           |result         |   11.826|
d<1>           |result         |   11.159|
d<2>           |result         |   10.048|
d<3>           |result         |   10.173|
---------------+---------------+---------+


Analysis completed Sun Apr 04 22:37:44 2021 
--------------------------------------------------------------------------------

Trace Settings:
-------------------------
Trace Settings 

Peak Memory Usage: 5003 MB



