ISim log file
Running: D:\prj\dsd\New folder\dsde1txt\test_isim_beh.exe -intstyle ise -gui -tclbatch isim.cmd -wdb D:/prj/dsd/New folder/dsde1txt/test_isim_beh.wdb 
ISim P.20131013 (signature 0x7708f090)
This is a Full version of ISim.
WARNING:  For instance d1/f0/, width 1 of formal port a4 is not equal to width 32 of actual constant.
WARNING:  For instance d1/f0/, width 1 of formal port b4 is not equal to width 32 of actual constant.
WARNING:  For instance d1/f0/, width 1 of formal port cin is not equal to width 32 of actual constant.
WARNING:  For instance d1/f1/, width 1 of formal port a4 is not equal to width 32 of actual constant.
WARNING:  For instance d1/f1/, width 1 of formal port b4 is not equal to width 32 of actual constant.
WARNING:  For instance d1/div13/, width 1 of formal port b5 is not equal to width 32 of actual constant.
WARNING:  For instance d1/div13/, width 1 of formal port b4 is not equal to width 32 of actual constant.
WARNING:  For instance d1/div13/, width 1 of formal port b3 is not equal to width 32 of actual constant.
WARNING:  For instance d1/div13/, width 1 of formal port b2 is not equal to width 32 of actual constant.
WARNING:  For instance d1/div13/, width 1 of formal port b1 is not equal to width 32 of actual constant.
WARNING:  For instance d1/div13/, width 1 of formal port b0 is not equal to width 32 of actual constant.
WARNING:  For instance d1/div1/, width 1 of formal port b5 is not equal to width 32 of actual constant.
WARNING:  For instance d1/div1/, width 1 of formal port b4 is not equal to width 32 of actual constant.
WARNING:  For instance d1/div1/, width 1 of formal port b3 is not equal to width 32 of actual constant.
WARNING:  For instance d1/div1/, width 1 of formal port b2 is not equal to width 32 of actual constant.
WARNING:  For instance d1/div1/, width 1 of formal port b1 is not equal to width 32 of actual constant.
WARNING:  For instance d1/div1/, width 1 of formal port b0 is not equal to width 32 of actual constant.
WARNING:  For instance d1/div2/, width 1 of formal port b5 is not equal to width 32 of actual constant.
WARNING:  For instance d1/div2/, width 1 of formal port b4 is not equal to width 32 of actual constant.
WARNING:  For instance d1/div2/, width 1 of formal port b3 is not equal to width 32 of actual constant.
WARNING:  For instance d1/div2/, width 1 of formal port b2 is not equal to width 32 of actual constant.
WARNING:  For instance d1/div2/, width 1 of formal port b1 is not equal to width 32 of actual constant.
WARNING:  For instance d1/div2/, width 1 of formal port b0 is not equal to width 32 of actual constant.
WARNING:  For instance d1/div3/, width 1 of formal port b5 is not equal to width 32 of actual constant.
WARNING:  For instance d1/div3/, width 1 of formal port b4 is not equal to width 32 of actual constant.
WARNING:  For instance d1/div3/, width 1 of formal port b3 is not equal to width 32 of actual constant.
WARNING:  For instance d1/div3/, width 1 of formal port b2 is not equal to width 32 of actual constant.
WARNING:  For instance d1/div3/, width 1 of formal port b1 is not equal to width 32 of actual constant.
WARNING:  For instance d1/div3/, width 1 of formal port b0 is not equal to width 32 of actual constant.
WARNING:  For instance d1/div4/, width 1 of formal port b5 is not equal to width 32 of actual constant.
WARNING:  For instance d1/div4/, width 1 of formal port b4 is not equal to width 32 of actual constant.
WARNING:  For instance d1/div4/, width 1 of formal port b3 is not equal to width 32 of actual constant.
WARNING:  For instance d1/div4/, width 1 of formal port b2 is not equal to width 32 of actual constant.
WARNING:  For instance d1/div4/, width 1 of formal port b1 is not equal to width 32 of actual constant.
WARNING:  For instance d1/div4/, width 1 of formal port b0 is not equal to width 32 of actual constant.
WARNING:  For instance d1/div5/, width 1 of formal port b5 is not equal to width 32 of actual constant.
WARNING:  For instance d1/div5/, width 1 of formal port b4 is not equal to width 32 of actual constant.
WARNING:  For instance d1/div5/, width 1 of formal port b3 is not equal to width 32 of actual constant.
WARNING:  For instance d1/div5/, width 1 of formal port b2 is not equal to width 32 of actual constant.
WARNING:  For instance d1/div5/, width 1 of formal port b1 is not equal to width 32 of actual constant.
WARNING:  For instance d1/div5/, width 1 of formal port b0 is not equal to width 32 of actual constant.
WARNING:  For instance d1/div6/, width 1 of formal port b5 is not equal to width 32 of actual constant.
WARNING:  For instance d1/div6/, width 1 of formal port b4 is not equal to width 32 of actual constant.
WARNING:  For instance d1/div6/, width 1 of formal port b3 is not equal to width 32 of actual constant.
WARNING:  For instance d1/div6/, width 1 of formal port b2 is not equal to width 32 of actual constant.
WARNING:  For instance d1/div6/, width 1 of formal port b1 is not equal to width 32 of actual constant.
WARNING:  For instance d1/div6/, width 1 of formal port b0 is not equal to width 32 of actual constant.
WARNING:  For instance d1/div7/, width 1 of formal port b5 is not equal to width 32 of actual constant.
WARNING:  For instance d1/div7/, width 1 of formal port b4 is not equal to width 32 of actual constant.
WARNING:  For instance d1/div7/, width 1 of formal port b3 is not equal to width 32 of actual constant.
WARNING:  For instance d1/div7/, width 1 of formal port b2 is not equal to width 32 of actual constant.
WARNING:  For instance d1/div7/, width 1 of formal port b1 is not equal to width 32 of actual constant.
WARNING:  For instance d1/div7/, width 1 of formal port b0 is not equal to width 32 of actual constant.
WARNING:  For instance d1/div8/, width 1 of formal port b5 is not equal to width 32 of actual constant.
WARNING:  For instance d1/div8/, width 1 of formal port b4 is not equal to width 32 of actual constant.
WARNING:  For instance d1/div8/, width 1 of formal port b3 is not equal to width 32 of actual constant.
WARNING:  For instance d1/div8/, width 1 of formal port b2 is not equal to width 32 of actual constant.
WARNING:  For instance d1/div8/, width 1 of formal port b1 is not equal to width 32 of actual constant.
WARNING:  For instance d1/div8/, width 1 of formal port b0 is not equal to width 32 of actual constant.
WARNING:  For instance d1/div9/, width 1 of formal port b5 is not equal to width 32 of actual constant.
WARNING:  For instance d1/div9/, width 1 of formal port b4 is not equal to width 32 of actual constant.
WARNING:  For instance d1/div9/, width 1 of formal port b3 is not equal to width 32 of actual constant.
WARNING:  For instance d1/div9/, width 1 of formal port b2 is not equal to width 32 of actual constant.
WARNING:  For instance d1/div9/, width 1 of formal port b1 is not equal to width 32 of actual constant.
WARNING:  For instance d1/div9/, width 1 of formal port b0 is not equal to width 32 of actual constant.
WARNING:  For instance d1/div10/, width 1 of formal port b5 is not equal to width 32 of actual constant.
WARNING:  For instance d1/div10/, width 1 of formal port b4 is not equal to width 32 of actual constant.
WARNING:  For instance d1/div10/, width 1 of formal port b3 is not equal to width 32 of actual constant.
WARNING:  For instance d1/div10/, width 1 of formal port b2 is not equal to width 32 of actual constant.
WARNING:  For instance d1/div10/, width 1 of formal port b1 is not equal to width 32 of actual constant.
WARNING:  For instance d1/div10/, width 1 of formal port b0 is not equal to width 32 of actual constant.
WARNING:  For instance d1/div11/, width 1 of formal port b5 is not equal to width 32 of actual constant.
WARNING:  For instance d1/div11/, width 1 of formal port b4 is not equal to width 32 of actual constant.
WARNING:  For instance d1/div11/, width 1 of formal port b3 is not equal to width 32 of actual constant.
WARNING:  For instance d1/div11/, width 1 of formal port b2 is not equal to width 32 of actual constant.
WARNING:  For instance d1/div11/, width 1 of formal port b1 is not equal to width 32 of actual constant.
WARNING:  For instance d1/div11/, width 1 of formal port b0 is not equal to width 32 of actual constant.
WARNING:  For instance d1/div12/, width 1 of formal port b5 is not equal to width 32 of actual constant.
WARNING:  For instance d1/div12/, width 1 of formal port b4 is not equal to width 32 of actual constant.
WARNING:  For instance d1/div12/, width 1 of formal port b3 is not equal to width 32 of actual constant.
WARNING:  For instance d1/div12/, width 1 of formal port b2 is not equal to width 32 of actual constant.
WARNING:  For instance d1/div12/, width 1 of formal port b1 is not equal to width 32 of actual constant.
WARNING:  For instance d1/div12/, width 1 of formal port b0 is not equal to width 32 of actual constant.
WARNING:  For instance d2/f0/, width 1 of formal port a4 is not equal to width 32 of actual constant.
WARNING:  For instance d2/f0/, width 1 of formal port b4 is not equal to width 32 of actual constant.
WARNING:  For instance d2/f1/, width 1 of formal port a4 is not equal to width 32 of actual constant.
WARNING:  For instance d2/f1/, width 1 of formal port b4 is not equal to width 32 of actual constant.
WARNING:  For instance d2/fn1/, width 1 of formal port b4 is not equal to width 32 of actual constant.
WARNING:  For instance d2/fn1/, width 4 of formal port b is not equal to width 32 of actual constant.
WARNING:  For instance d2/fn2/, width 1 of formal port cin is not equal to width 32 of actual constant.
WARNING:  For instance d2/eq10/, width 1 of formal port a5 is not equal to width 32 of actual constant.
WARNING:  For instance d2/eq10/, width 1 of formal port b5 is not equal to width 32 of actual constant.
WARNING:  For instance d2/eq10/, width 1 of formal port b4 is not equal to width 32 of actual constant.
WARNING:  For instance d2/eq10/, width 1 of formal port b3 is not equal to width 32 of actual constant.
WARNING:  For instance d2/eq10/, width 1 of formal port b2 is not equal to width 32 of actual constant.
WARNING:  For instance d2/eq10/, width 1 of formal port b1 is not equal to width 32 of actual constant.
WARNING:  For instance d2/eq10/, width 1 of formal port b0 is not equal to width 32 of actual constant.
WARNING:  For instance d2/eq11/, width 1 of formal port a5 is not equal to width 32 of actual constant.
WARNING:  For instance d2/eq11/, width 1 of formal port b5 is not equal to width 32 of actual constant.
WARNING:  For instance d2/eq11/, width 1 of formal port b4 is not equal to width 32 of actual constant.
WARNING:  For instance d2/eq11/, width 1 of formal port b3 is not equal to width 32 of actual constant.
WARNING:  For instance d2/eq11/, width 1 of formal port b2 is not equal to width 32 of actual constant.
WARNING:  For instance d2/eq11/, width 1 of formal port b1 is not equal to width 32 of actual constant.
WARNING:  For instance d2/eq11/, width 1 of formal port b0 is not equal to width 32 of actual constant.
WARNING:  For instance d2/eq12/, width 1 of formal port a5 is not equal to width 32 of actual constant.
WARNING:  For instance d2/eq12/, width 1 of formal port b5 is not equal to width 32 of actual constant.
WARNING:  For instance d2/eq12/, width 1 of formal port b4 is not equal to width 32 of actual constant.
WARNING:  For instance d2/eq12/, width 1 of formal port b3 is not equal to width 32 of actual constant.
WARNING:  For instance d2/eq12/, width 1 of formal port b2 is not equal to width 32 of actual constant.
WARNING:  For instance d2/eq12/, width 1 of formal port b1 is not equal to width 32 of actual constant.
WARNING:  For instance d2/eq12/, width 1 of formal port b0 is not equal to width 32 of actual constant.
Time resolution is 1 ps
# onerror resume
# wave add /
# run 1000 ns
Simulator is doing circuit initialization process.
Finished circuit initialization process.
