--------------------------------------------------------------------------------
Release 14.7 Trace  (nt64)
Copyright (c) 1995-2013 Xilinx, Inc.  All rights reserved.

C:\Xilinx\14.7\ISE_DS\ISE\bin\nt64\unwrapped\trce.exe -intstyle ise -v 3 -s 3
-n 3 -fastpaths -xml serialcmpr.twx serialcmpr.ncd -o serialcmpr.twr
serialcmpr.pcf

Design file:              serialcmpr.ncd
Physical constraint file: serialcmpr.pcf
Device,package,speed:     xc7a100t,csg324,C,-3 (PRODUCTION 1.10 2013-10-13)
Report level:             verbose report

Environment Variable      Effect 
--------------------      ------ 
NONE                      No environment variables were set
--------------------------------------------------------------------------------

INFO:Timing:2698 - No timing constraints found, doing default enumeration.
INFO:Timing:3412 - To improve timing, see the Timing Closure User Guide (UG612).
INFO:Timing:2752 - To get complete path coverage, use the unconstrained paths 
   option. All paths that are not constrained will be reported in the 
   unconstrained paths section(s) of the report.
INFO:Timing:3339 - The clock-to-out numbers in this timing report are based on 
   a 50 Ohm transmission line loading model.  For the details of this model, 
   and for more information on accounting for different loading conditions, 
   please see the device datasheet.



Data Sheet report:
-----------------
All values displayed in nanoseconds (ns)

Pad to Pad
---------------+---------------+---------+
Source Pad     |Destination Pad|  Delay  |
---------------+---------------+---------+
a              |aequalb        |    6.098|
a              |agreatb        |    5.168|
a              |alessb         |    5.198|
b              |aequalb        |    5.918|
b              |agreatb        |    5.363|
b              |alessb         |    5.018|
clk            |aequalb        |    8.163|
clk            |agreatb        |    7.445|
clk            |alessb         |    7.263|
reset          |aequalb        |    8.448|
reset          |agreatb        |    6.880|
reset          |alessb         |    7.548|
---------------+---------------+---------+


Analysis completed Wed Apr 14 13:24:10 2021 
--------------------------------------------------------------------------------

Trace Settings:
-------------------------
Trace Settings 

Peak Memory Usage: 5003 MB



