Release 14.7 - xst P.20131013 (nt64)
Copyright (c) 1995-2013 Xilinx, Inc.  All rights reserved.
--> Parameter TMPDIR set to xst/projnav.tmp


Total REAL time to Xst completion: 1.00 secs
Total CPU time to Xst completion: 0.11 secs
 
--> Parameter xsthdpdir set to xst


Total REAL time to Xst completion: 1.00 secs
Total CPU time to Xst completion: 0.11 secs
 
--> Reading design: stack.prj

TABLE OF CONTENTS
  1) Synthesis Options Summary
  2) HDL Parsing
  3) HDL Elaboration
  4) HDL Synthesis
       4.1) HDL Synthesis Report
  5) Advanced HDL Synthesis
       5.1) Advanced HDL Synthesis Report
  6) Low Level Synthesis
  7) Partition Report
  8) Design Summary
       8.1) Primitive and Black Box Usage
       8.2) Device utilization summary
       8.3) Partition Resource Summary
       8.4) Timing Report
            8.4.1) Clock Information
            8.4.2) Asynchronous Control Signals Information
            8.4.3) Timing Summary
            8.4.4) Timing Details
            8.4.5) Cross Clock Domains Report


=========================================================================
*                      Synthesis Options Summary                        *
=========================================================================
---- Source Parameters
Input File Name                    : "stack.prj"
Ignore Synthesis Constraint File   : NO

---- Target Parameters
Output File Name                   : "stack"
Output Format                      : NGC
Target Device                      : xc7a100t-3-csg324

---- Source Options
Top Module Name                    : stack
Automatic FSM Extraction           : YES
FSM Encoding Algorithm             : Auto
Safe Implementation                : No
FSM Style                          : LUT
RAM Extraction                     : Yes
RAM Style                          : Auto
ROM Extraction                     : Yes
Shift Register Extraction          : YES
ROM Style                          : Auto
Resource Sharing                   : YES
Asynchronous To Synchronous        : NO
Shift Register Minimum Size        : 2
Use DSP Block                      : Auto
Automatic Register Balancing       : No

---- Target Options
LUT Combining                      : Auto
Reduce Control Sets                : Auto
Add IO Buffers                     : YES
Global Maximum Fanout              : 100000
Add Generic Clock Buffer(BUFG)     : 32
Register Duplication               : YES
Optimize Instantiated Primitives   : NO
Use Clock Enable                   : Auto
Use Synchronous Set                : Auto
Use Synchronous Reset              : Auto
Pack IO Registers into IOBs        : Auto
Equivalent register Removal        : YES

---- General Options
Optimization Goal                  : Speed
Optimization Effort                : 1
Power Reduction                    : NO
Keep Hierarchy                     : No
Netlist Hierarchy                  : As_Optimized
RTL Output                         : Yes
Global Optimization                : AllClockNets
Read Cores                         : YES
Write Timing Constraints           : NO
Cross Clock Analysis               : NO
Hierarchy Separator                : /
Bus Delimiter                      : <>
Case Specifier                     : Maintain
Slice Utilization Ratio            : 100
BRAM Utilization Ratio             : 100
DSP48 Utilization Ratio            : 100
Auto BRAM Packing                  : NO
Slice Utilization Ratio Delta      : 5

=========================================================================


=========================================================================
*                          HDL Parsing                                  *
=========================================================================
Analyzing Verilog file "C:\Users\sa\Desktop\DSDE4\DSDE4-98170668\DSDE4\stack.v" into library work
Parsing module <stack>.

=========================================================================
*                            HDL Elaboration                            *
=========================================================================

Elaborating module <stack>.
WARNING:HDLCompiler:413 - "C:\Users\sa\Desktop\DSDE4\DSDE4-98170668\DSDE4\stack.v" Line 36: Result of 4-bit expression is truncated to fit in 3-bit target.
WARNING:HDLCompiler:413 - "C:\Users\sa\Desktop\DSDE4\DSDE4-98170668\DSDE4\stack.v" Line 47: Result of 32-bit expression is truncated to fit in 3-bit target.

=========================================================================
*                           HDL Synthesis                               *
=========================================================================

Synthesizing Unit <stack>.
    Related source file is "C:\Users\sa\Desktop\DSDE4\DSDE4-98170668\DSDE4\stack.v".
        w = 4
        h = 3
        l = 7
WARNING:Xst:3035 - Index value(s) does not match array range for signal <s>, simulation mismatch.
    Found 7x4-bit dual-port RAM <Mram_s> for signal <s>.
    Found 3-bit register for signal <level>.
    Found 1-bit register for signal <empty>.
    Found 1-bit register for signal <full>.
    Found 4-bit register for signal <data_Out>.
    Found 3-bit adder for signal <level[2]_GND_1_o_add_3_OUT> created at line 36.
    Found 3-bit subtractor for signal <GND_1_o_GND_1_o_sub_11_OUT<2:0>> created at line 48.
    Summary:
	inferred   1 RAM(s).
	inferred   2 Adder/Subtractor(s).
	inferred   9 D-type flip-flop(s).
	inferred   2 Multiplexer(s).
Unit <stack> synthesized.

=========================================================================
HDL Synthesis Report

Macro Statistics
# RAMs                                                 : 1
 7x4-bit dual-port RAM                                 : 1
# Adders/Subtractors                                   : 2
 3-bit addsub                                          : 1
 3-bit subtractor                                      : 1
# Registers                                            : 4
 1-bit register                                        : 2
 3-bit register                                        : 1
 4-bit register                                        : 1
# Multiplexers                                         : 2
 1-bit 2-to-1 multiplexer                              : 2

=========================================================================
INFO:Xst:1767 - HDL ADVISOR - Resource sharing has identified that some arithmetic operations in this design can share the same physical resources for reduced device utilization. For improved clock frequency you may try to disable resource sharing.

=========================================================================
*                       Advanced HDL Synthesis                          *
=========================================================================


Synthesizing (advanced) Unit <stack>.
The following registers are absorbed into counter <level>: 1 register on signal <level>.
INFO:Xst:3231 - The small RAM <Mram_s> will be implemented on LUTs in order to maximize performance and save block RAM resources. If you want to force its implementation on block, use option/constraint ram_style.
    -----------------------------------------------------------------------
    | ram_type           | Distributed                         |          |
    -----------------------------------------------------------------------
    | Port A                                                              |
    |     aspect ratio   | 7-word x 4-bit                      |          |
    |     clkA           | connected to signal <clk>           | rise     |
    |     weA            | connected to internal node          | high     |
    |     addrA          | connected to signal <level>         |          |
    |     diA            | connected to signal <data_In>       |          |
    -----------------------------------------------------------------------
    | Port B                                                              |
    |     aspect ratio   | 7-word x 4-bit                      |          |
    |     addrB          | connected to signal <GND_1_o_GND_1_o_sub_11_OUT> |          |
    |     doB            | connected to internal node          |          |
    -----------------------------------------------------------------------
Unit <stack> synthesized (advanced).

=========================================================================
Advanced HDL Synthesis Report

Macro Statistics
# RAMs                                                 : 1
 7x4-bit dual-port distributed RAM                     : 1
# Adders/Subtractors                                   : 1
 3-bit subtractor                                      : 1
# Counters                                             : 1
 3-bit updown counter                                  : 1
# Registers                                            : 6
 Flip-Flops                                            : 6
# Multiplexers                                         : 2
 1-bit 2-to-1 multiplexer                              : 2

=========================================================================

=========================================================================
*                         Low Level Synthesis                           *
=========================================================================

Optimizing unit <stack> ...

Mapping all equations...
Building and optimizing final netlist ...
Found area constraint ratio of 100 (+ 5) on block stack, actual ratio is 0.

Final Macro Processing ...

=========================================================================
Final Register Report

Macro Statistics
# Registers                                            : 9
 Flip-Flops                                            : 9

=========================================================================

=========================================================================
*                           Partition Report                            *
=========================================================================

Partition Implementation Status
-------------------------------

  No Partitions were found in this design.

-------------------------------

=========================================================================
*                            Design Summary                             *
=========================================================================

Top Level Output File Name         : stack.ngc

Primitive and Black Box Usage:
------------------------------
# BELS                             : 11
#      GND                         : 1
#      INV                         : 1
#      LUT2                        : 1
#      LUT3                        : 2
#      LUT4                        : 1
#      LUT5                        : 4
#      LUT6                        : 1
# FlipFlops/Latches                : 9
#      FDCE                        : 5
#      FDE                         : 4
# RAMS                             : 4
#      RAM32X1D                    : 4
# Clock Buffers                    : 1
#      BUFGP                       : 1
# IO Buffers                       : 13
#      IBUF                        : 7
#      OBUF                        : 6

Device utilization summary:
---------------------------

Selected Device : 7a100tcsg324-3 


Slice Logic Utilization: 
 Number of Slice Registers:               9  out of  126800     0%  
 Number of Slice LUTs:                   18  out of  63400     0%  
    Number used as Logic:                10  out of  63400     0%  
    Number used as Memory:                8  out of  19000     0%  
       Number used as RAM:                8

Slice Logic Distribution: 
 Number of LUT Flip Flop pairs used:     19
   Number with an unused Flip Flop:      10  out of     19    52%  
   Number with an unused LUT:             1  out of     19     5%  
   Number of fully used LUT-FF pairs:     8  out of     19    42%  
   Number of unique control sets:         4

IO Utilization: 
 Number of IOs:                          14
 Number of bonded IOBs:                  14  out of    210     6%  

Specific Feature Utilization:
 Number of BUFG/BUFGCTRLs:                1  out of     32     3%  

---------------------------
Partition Resource Summary:
---------------------------

  No Partitions were found in this design.

---------------------------


=========================================================================
Timing Report

NOTE: THESE TIMING NUMBERS ARE ONLY A SYNTHESIS ESTIMATE.
      FOR ACCURATE TIMING INFORMATION PLEASE REFER TO THE TRACE REPORT
      GENERATED AFTER PLACE-and-ROUTE.

Clock Information:
------------------
-----------------------------------+------------------------+-------+
Clock Signal                       | Clock buffer(FF name)  | Load  |
-----------------------------------+------------------------+-------+
clk                                | BUFGP                  | 13    |
-----------------------------------+------------------------+-------+

Asynchronous Control Signals Information:
----------------------------------------
No asynchronous control signals found in this design

Timing Summary:
---------------
Speed Grade: -3

   Minimum period: 1.693ns (Maximum Frequency: 590.633MHz)
   Minimum input arrival time before clock: 1.472ns
   Maximum output required time after clock: 0.640ns
   Maximum combinational path delay: No path found

Timing Details:
---------------
All values displayed in nanoseconds (ns)

=========================================================================
Timing constraint: Default period analysis for Clock 'clk'
  Clock period: 1.693ns (frequency: 590.633MHz)
  Total number of paths / destination ports: 109 / 44
-------------------------------------------------------------------------
Delay:               1.693ns (Levels of Logic = 2)
  Source:            level_2 (FF)
  Destination:       data_Out_0 (FF)
  Source Clock:      clk rising
  Destination Clock: clk rising

  Data Path: level_2 to data_Out_0
                                Gate     Net
    Cell:in->out      fanout   Delay   Delay  Logical Name (Net Name)
    ----------------------------------------  ------------
     FDCE:C->Q            11   0.361   0.557  level_2 (level_2)
     LUT3:I0->O            4   0.097   0.293  Msub_GND_1_o_GND_1_o_sub_11_OUT<2:0>_xor<2>11 (GND_1_o_GND_1_o_sub_11_OUT<2>)
     RAM32X1D:DPRA2->DPO    1   0.097   0.279  Mram_s1 (_n0063<0>)
     FDE:D                     0.008          data_Out_0
    ----------------------------------------
    Total                      1.693ns (0.563ns logic, 1.130ns route)
                                       (33.3% logic, 66.7% route)

=========================================================================
Timing constraint: Default OFFSET IN BEFORE for Clock 'clk'
  Total number of paths / destination ports: 43 / 26
-------------------------------------------------------------------------
Offset:              1.472ns (Levels of Logic = 2)
  Source:            push (PAD)
  Destination:       Mram_s1 (RAM)
  Destination Clock: clk rising

  Data Path: push to Mram_s1
                                Gate     Net
    Cell:in->out      fanout   Delay   Delay  Logical Name (Net Name)
    ----------------------------------------  ------------
     IBUF:I->O             9   0.001   0.720  push_IBUF (push_IBUF)
     LUT5:I0->O            4   0.097   0.293  Mmux_BUS_000211 (BUS_0002)
     RAM32X1D:WE               0.360          Mram_s1
    ----------------------------------------
    Total                      1.472ns (0.458ns logic, 1.014ns route)
                                       (31.1% logic, 68.9% route)

=========================================================================
Timing constraint: Default OFFSET OUT AFTER for Clock 'clk'
  Total number of paths / destination ports: 6 / 6
-------------------------------------------------------------------------
Offset:              0.640ns (Levels of Logic = 1)
  Source:            data_Out_3 (FF)
  Destination:       data_Out<3> (PAD)
  Source Clock:      clk rising

  Data Path: data_Out_3 to data_Out<3>
                                Gate     Net
    Cell:in->out      fanout   Delay   Delay  Logical Name (Net Name)
    ----------------------------------------  ------------
     FDE:C->Q              1   0.361   0.279  data_Out_3 (data_Out_3)
     OBUF:I->O                 0.000          data_Out_3_OBUF (data_Out<3>)
    ----------------------------------------
    Total                      0.640ns (0.361ns logic, 0.279ns route)
                                       (56.4% logic, 43.6% route)

=========================================================================

Cross Clock Domains Report:
--------------------------

Clock to Setup on destination clock clk
---------------+---------+---------+---------+---------+
               | Src:Rise| Src:Fall| Src:Rise| Src:Fall|
Source Clock   |Dest:Rise|Dest:Rise|Dest:Fall|Dest:Fall|
---------------+---------+---------+---------+---------+
clk            |    1.693|         |         |         |
---------------+---------+---------+---------+---------+

=========================================================================


Total REAL time to Xst completion: 9.00 secs
Total CPU time to Xst completion: 8.35 secs
 
--> 

Total memory usage is 4617528 kilobytes

Number of errors   :    0 (   0 filtered)
Number of warnings :    3 (   0 filtered)
Number of infos    :    2 (   0 filtered)

