--------------------------------------------------------------------------------
Release 14.7 Trace  (nt64)
Copyright (c) 1995-2013 Xilinx, Inc.  All rights reserved.

C:\Xilinx\14.7\ISE_DS\ISE\bin\nt64\unwrapped\trce.exe -intstyle ise -v 3 -s 3
-n 3 -fastpaths -xml stack.twx stack.ncd -o stack.twr stack.pcf

Design file:              stack.ncd
Physical constraint file: stack.pcf
Device,package,speed:     xc7a100t,csg324,C,-3 (PRODUCTION 1.10 2013-10-13)
Report level:             verbose report

Environment Variable      Effect 
--------------------      ------ 
NONE                      No environment variables were set
--------------------------------------------------------------------------------

INFO:Timing:2698 - No timing constraints found, doing default enumeration.
INFO:Timing:3412 - To improve timing, see the Timing Closure User Guide (UG612).
INFO:Timing:2752 - To get complete path coverage, use the unconstrained paths 
   option. All paths that are not constrained will be reported in the 
   unconstrained paths section(s) of the report.
INFO:Timing:3339 - The clock-to-out numbers in this timing report are based on 
   a 50 Ohm transmission line loading model.  For the details of this model, 
   and for more information on accounting for different loading conditions, 
   please see the device datasheet.



Data Sheet report:
-----------------
All values displayed in nanoseconds (ns)

Setup/Hold to clock clk
------------+------------+------------+------------+------------+------------------+--------+
            |Max Setup to|  Process   |Max Hold to |  Process   |                  | Clock  |
Source      | clk (edge) |   Corner   | clk (edge) |   Corner   |Internal Clock(s) | Phase  |
------------+------------+------------+------------+------------+------------------+--------+
data_In<0>  |   -0.508(R)|      FAST  |    2.714(R)|      SLOW  |clk_BUFGP         |   0.000|
data_In<1>  |   -0.568(R)|      FAST  |    2.712(R)|      SLOW  |clk_BUFGP         |   0.000|
data_In<2>  |   -0.465(R)|      FAST  |    2.633(R)|      SLOW  |clk_BUFGP         |   0.000|
data_In<3>  |   -0.494(R)|      FAST  |    2.715(R)|      SLOW  |clk_BUFGP         |   0.000|
pop         |    0.038(R)|      FAST  |    1.820(R)|      SLOW  |clk_BUFGP         |   0.000|
push        |    0.270(R)|      FAST  |    2.520(R)|      SLOW  |clk_BUFGP         |   0.000|
rstN        |    0.079(R)|      FAST  |    2.206(R)|      SLOW  |clk_BUFGP         |   0.000|
------------+------------+------------+------------+------------+------------------+--------+

Clock clk to Pad
------------+-----------------+------------+-----------------+------------+------------------+--------+
            |Max (slowest) clk|  Process   |Min (fastest) clk|  Process   |                  | Clock  |
Destination |  (edge) to PAD  |   Corner   |  (edge) to PAD  |   Corner   |Internal Clock(s) | Phase  |
------------+-----------------+------------+-----------------+------------+------------------+--------+
data_Out<0> |         7.717(R)|      SLOW  |         3.188(R)|      FAST  |clk_BUFGP         |   0.000|
data_Out<1> |         7.719(R)|      SLOW  |         3.191(R)|      FAST  |clk_BUFGP         |   0.000|
data_Out<2> |         7.766(R)|      SLOW  |         3.208(R)|      FAST  |clk_BUFGP         |   0.000|
data_Out<3> |         7.751(R)|      SLOW  |         3.214(R)|      FAST  |clk_BUFGP         |   0.000|
empty       |         7.722(R)|      SLOW  |         3.202(R)|      FAST  |clk_BUFGP         |   0.000|
full        |         7.660(R)|      SLOW  |         3.163(R)|      FAST  |clk_BUFGP         |   0.000|
------------+-----------------+------------+-----------------+------------+------------------+--------+

Clock to Setup on destination clock clk
---------------+---------+---------+---------+---------+
               | Src:Rise| Src:Fall| Src:Rise| Src:Fall|
Source Clock   |Dest:Rise|Dest:Rise|Dest:Fall|Dest:Fall|
---------------+---------+---------+---------+---------+
clk            |    1.741|         |         |         |
---------------+---------+---------+---------+---------+


Analysis completed Wed Apr 21 12:30:51 2021 
--------------------------------------------------------------------------------

Trace Settings:
-------------------------
Trace Settings 

Peak Memory Usage: 5003 MB



